2023-11-16 INFO Initializing Spring DispatcherServlet 'dispatcherServlet'2023-11-16 INFO Initializing Servlet 'dispatcherServlet'2023-11-16 INFO Completed initialization in 1 ms2023-11-16 ERROR This is log message for error level2023-11-16 WARN This is log message for warn level2023-11-16 INFO This is log message for info level2023-11-16 DEBUG This is log message for debug level2023-11-16 TRACE This is log message for trace level2023-11-16 INFO Restarting due to 1 class path change (0 additions, 0 deletions, 1 modification)2023-11-16 INFO Stopping service [Tomcat]2023-11-16 INFO Destroying Spring FrameworkServlet 'dispatcherServlet'2023-11-16 INFO Starting B29Sb201Ex26LoggingApplication using Java 17.0.5 with PID 7848 (C:\Users\Masai\Documents\workspace-spring-tool-suite-4-4.17.0.RELEASE\B29_SB201_Ex_26_Logging_Example\target\classes started by Masai in C:\Users\Masai\Documents\workspace-spring-tool-suite-4-4.17.0.RELEASE\B29_SB201_Ex_26_Logging_Example)2023-11-16 DEBUG Running with Spring Boot v3.1.3, Spring v6.0.112023-11-16 INFO No active profile set, falling back to 1 default profile: "default"2023-11-16 INFO Tomcat initialized with port(s): 8080 (http)2023-11-16 INFO Starting service [Tomcat]2023-11-16 INFO Starting Servlet engine: [Apache Tomcat/10.1.12]2023-11-16 INFO Initializing Spring embedded WebApplicationContext2023-11-16 INFO Root WebApplicationContext: initialization completed in 185 ms2023-11-16 INFO LiveReload server is running on port 357292023-11-16 INFO Tomcat started on port(s): 8080 (http) with context path ''2023-11-16 INFO Started B29Sb201Ex26LoggingApplication in 0.285 seconds (process running for 341.893)2023-11-16 INFO Condition evaluation unchanged2023-12-16 INFO Restarting due to 1 class path change (0 additions, 0 deletions, 1 modification)2023-12-16 INFO Stopping service [Tomcat]2023-12-16 INFO Starting B29Sb201Ex26LoggingApplication using Java 17.0.5 with PID 7848 (C:\Users\Masai\Documents\workspace-spring-tool-suite-4-4.17.0.RELEASE\B29_SB201_Ex_26_Logging_Example\target\classes started by Masai in C:\Users\Masai\Documents\workspace-spring-tool-suite-4-4.17.0.RELEASE\B29_SB201_Ex_26_Logging_Example)2023-12-16 DEBUG Running with Spring Boot v3.1.3, Spring v6.0.112023-12-16 INFO No active profile set, falling back to 1 default profile: "default"2023-12-16 INFO Tomcat initialized with port(s): 8080 (http)2023-12-16 INFO Starting service [Tomcat]2023-12-16 INFO Starting Servlet engine: [Apache Tomcat/10.1.12]2023-12-16 INFO Initializing Spring embedded WebApplicationContext2023-12-16 INFO Root WebApplicationContext: initialization completed in 143 ms2023-12-16 INFO LiveReload server is running on port 357292023-12-16 INFO Tomcat started on port(s): 8080 (http) with context path ''2023-12-16 INFO Started B29Sb201Ex26LoggingApplication in 0.232 seconds (process running for 350.702)2023-12-16 INFO Condition evaluation unchanged2023-12-16 INFO Application shutdown requested.2023-12-16 INFO Stopping service [Tomcat]2023-12-16 INFO Starting B29Sb201Ex26LoggingApplication using Java 17.0.5 with PID 9416 (C:\Users\Masai\Documents\workspace-spring-tool-suite-4-4.17.0.RELEASE\B29_SB201_Ex_26_Logging_Example\target\classes started by Masai in C:\Users\Masai\Documents\workspace-spring-tool-suite-4-4.17.0.RELEASE\B29_SB201_Ex_26_Logging_Example)2023-12-16 DEBUG Running with Spring Boot v3.1.3, Spring v6.0.112023-12-16 INFO No active profile set, falling back to 1 default profile: "default"2023-12-16 INFO Devtools property defaults active! Set 'spring.devtools.add-properties' to 'false' to disable2023-12-16 INFO For additional web related logging consider setting the 'logging.level.web' property to 'DEBUG'2023-12-16 INFO Tomcat initialized with port(s): 8080 (http)2023-12-16 INFO Starting service [Tomcat]2023-12-16 INFO Starting Servlet engine: [Apache Tomcat/10.1.12]2023-12-16 INFO Initializing Spring embedded WebApplicationContext2023-12-16 INFO Root WebApplicationContext: initialization completed in 1439 ms2023-12-16 INFO LiveReload server is running on port 357292023-12-16 INFO Tomcat started on port(s): 8080 (http) with context path ''2023-12-16 INFO Started B29Sb201Ex26LoggingApplication in 2.581 seconds (process running for 3.469)2023-12-16 INFO Initializing Spring DispatcherServlet 'dispatcherServlet'2023-12-16 INFO Initializing Servlet 'dispatcherServlet'2023-12-16 INFO Completed initialization in 1 ms2023-12-16 ERROR This is log message for error level2023-12-16 WARN This is log message for warn level2023-12-16 INFO This is log message for info level2023-12-16 DEBUG This is log message for debug level2023-12-16 TRACE This is log message for trace level2023-12-16 INFO Restarting due to 1 class path change (0 additions, 0 deletions, 1 modification)2023-12-16 INFO Stopping service [Tomcat]2023-12-16 INFO Destroying Spring FrameworkServlet 'dispatcherServlet'2023-12-16 INFO Starting B29Sb201Ex26LoggingApplication using Java 17.0.5 with PID 9416 (C:\Users\Masai\Documents\workspace-spring-tool-suite-4-4.17.0.RELEASE\B29_SB201_Ex_26_Logging_Example\target\classes started by Masai in C:\Users\Masai\Documents\workspace-spring-tool-suite-4-4.17.0.RELEASE\B29_SB201_Ex_26_Logging_Example)
2023-12-16 DEBUG Running with Spring Boot v3.1.3, Spring v6.0.11
2023-12-16 INFO No active profile set, falling back to 1 default profile: "default"
2023-12-16 INFO Tomcat initialized with port(s): 8080 (http)
2023-12-16 INFO Starting service [Tomcat]
2023-12-16 INFO Starting Servlet engine: [Apache Tomcat/10.1.12]
2023-12-16 INFO Initializing Spring embedded WebApplicationContext
2023-12-16 INFO Root WebApplicationContext: initialization completed in 233 ms
2023-12-16 INFO LiveReload server is running on port 35729
2023-12-16 INFO Tomcat started on port(s): 8080 (http) with context path ''
2023-12-16 INFO Started B29Sb201Ex26LoggingApplication in 0.401 seconds (process running for 22.49)
2023-12-16 INFO Condition evaluation unchanged
2023-12-16 INFO Initializing Spring DispatcherServlet 'dispatcherServlet'
2023-12-16 INFO Initializing Servlet 'dispatcherServlet'
2023-12-16 INFO Completed initialization in 1 ms
2023-12-16 ERROR This is log message for error level
2023-12-16 WARN This is log message for warn level
2023-12-16 INFO This is log message for info level
2023-12-16 DEBUG This is log message for debug level
2023-12-16 TRACE This is log message for trace level
2023-13-16 INFO Application shutdown requested.
2023-13-16 INFO Stopping service [Tomcat]
2023-13-16 INFO Destroying Spring FrameworkServlet 'dispatcherServlet'
2023-21-16 INFO Starting B29Sb201Ex26LoggingApplication using Java 17.0.5 with PID 7244 (C:\Users\Masai\Documents\workspace-spring-tool-suite-4-4.17.0.RELEASE\B29_SB201_Ex_26_Logging_Example\target\classes started by Masai in C:\Users\Masai\Documents\workspace-spring-tool-suite-4-4.17.0.RELEASE\B29_SB201_Ex_26_Logging_Example)
2023-21-16 DEBUG Running with Spring Boot v3.1.3, Spring v6.0.11
2023-21-16 INFO No active profile set, falling back to 1 default profile: "default"
2023-21-16 INFO Devtools property defaults active! Set 'spring.devtools.add-properties' to 'false' to disable
2023-21-16 INFO For additional web related logging consider setting the 'logging.level.web' property to 'DEBUG'
2023-21-16 INFO Tomcat initialized with port(s): 8080 (http)
2023-21-16 INFO Starting service [Tomcat]
2023-21-16 INFO Starting Servlet engine: [Apache Tomcat/10.1.12]
2023-21-16 INFO Initializing Spring embedded WebApplicationContext
2023-21-16 INFO Root WebApplicationContext: initialization completed in 1385 ms
2023-21-16 INFO LiveReload server is running on port 35729
2023-21-16 INFO Tomcat started on port(s): 8080 (http) with context path ''
2023-21-16 INFO Started B29Sb201Ex26LoggingApplication in 2.54 seconds (process running for 3.434)
2023-21-16 INFO Initializing Spring DispatcherServlet 'dispatcherServlet'
2023-21-16 INFO Initializing Servlet 'dispatcherServlet'
2023-21-16 INFO Completed initialization in 2 ms
2023-21-16 ERROR This is log message for error level
2023-21-16 WARN This is log message for warn level
2023-21-16 INFO This is log message for info level
2023-21-16 DEBUG This is log message for debug level
2023-21-16 TRACE This is log message for trace level
2023-22-16 INFO Application shutdown requested.
2023-22-16 INFO Stopping service [Tomcat]
2023-22-16 INFO Destroying Spring FrameworkServlet 'dispatcherServlet'
