2023-11-16 INFO Initializing Spring DispatcherServlet 'dispatcherServlet'2023-11-16 INFO Initializing Servlet 'dispatcherServlet'2023-11-16 INFO Completed initialization in 1 ms2023-11-16 ERROR This is log message for error level2023-11-16 WARN This is log message for warn level2023-11-16 INFO This is log message for info level2023-11-16 DEBUG This is log message for debug level2023-11-16 TRACE This is log message for trace level2023-11-16 INFO Restarting due to 1 class path change (0 additions, 0 deletions, 1 modification)2023-11-16 INFO Stopping service [Tomcat]2023-11-16 INFO Destroying Spring FrameworkServlet 'dispatcherServlet'2023-11-16 INFO Starting B29Sb201Ex26LoggingApplication using Java 17.0.5 with PID 7848 (C:\Users\Masai\Documents\workspace-spring-tool-suite-4-4.17.0.RELEASE\B29_SB201_Ex_26_Logging_Example\target\classes started by Masai in C:\Users\Masai\Documents\workspace-spring-tool-suite-4-4.17.0.RELEASE\B29_SB201_Ex_26_Logging_Example)2023-11-16 DEBUG Running with Spring Boot v3.1.3, Spring v6.0.112023-11-16 INFO No active profile set, falling back to 1 default profile: "default"2023-11-16 INFO Tomcat initialized with port(s): 8080 (http)2023-11-16 INFO Starting service [Tomcat]2023-11-16 INFO Starting Servlet engine: [Apache Tomcat/10.1.12]2023-11-16 INFO Initializing Spring embedded WebApplicationContext2023-11-16 INFO Root WebApplicationContext: initialization completed in 185 ms2023-11-16 INFO LiveReload server is running on port 357292023-11-16 INFO Tomcat started on port(s): 8080 (http) with context path ''2023-11-16 INFO Started B29Sb201Ex26LoggingApplication in 0.285 seconds (process running for 341.893)2023-11-16 INFO Condition evaluation unchanged2023-12-16 INFO Restarting due to 1 class path change (0 additions, 0 deletions, 1 modification)2023-12-16 INFO Stopping service [Tomcat]2023-12-16 INFO Starting B29Sb201Ex26LoggingApplication using Java 17.0.5 with PID 7848 (C:\Users\Masai\Documents\workspace-spring-tool-suite-4-4.17.0.RELEASE\B29_SB201_Ex_26_Logging_Example\target\classes started by Masai in C:\Users\Masai\Documents\workspace-spring-tool-suite-4-4.17.0.RELEASE\B29_SB201_Ex_26_Logging_Example)2023-12-16 DEBUG Running with Spring Boot v3.1.3, Spring v6.0.112023-12-16 INFO No active profile set, falling back to 1 default profile: "default"2023-12-16 INFO Tomcat initialized with port(s): 8080 (http)2023-12-16 INFO Starting service [Tomcat]2023-12-16 INFO Starting Servlet engine: [Apache Tomcat/10.1.12]2023-12-16 INFO Initializing Spring embedded WebApplicationContext2023-12-16 INFO Root WebApplicationContext: initialization completed in 143 ms2023-12-16 INFO LiveReload server is running on port 357292023-12-16 INFO Tomcat started on port(s): 8080 (http) with context path ''2023-12-16 INFO Started B29Sb201Ex26LoggingApplication in 0.232 seconds (process running for 350.702)2023-12-16 INFO Condition evaluation unchanged2023-12-16 INFO Application shutdown requested.2023-12-16 INFO Stopping service [Tomcat]2023-12-16 INFO Starting B29Sb201Ex26LoggingApplication using Java 17.0.5 with PID 9416 (C:\Users\Masai\Documents\workspace-spring-tool-suite-4-4.17.0.RELEASE\B29_SB201_Ex_26_Logging_Example\target\classes started by Masai in C:\Users\Masai\Documents\workspace-spring-tool-suite-4-4.17.0.RELEASE\B29_SB201_Ex_26_Logging_Example)2023-12-16 DEBUG Running with Spring Boot v3.1.3, Spring v6.0.112023-12-16 INFO No active profile set, falling back to 1 default profile: "default"2023-12-16 INFO Devtools property defaults active! Set 'spring.devtools.add-properties' to 'false' to disable2023-12-16 INFO For additional web related logging consider setting the 'logging.level.web' property to 'DEBUG'2023-12-16 INFO Tomcat initialized with port(s): 8080 (http)2023-12-16 INFO Starting service [Tomcat]2023-12-16 INFO Starting Servlet engine: [Apache Tomcat/10.1.12]2023-12-16 INFO Initializing Spring embedded WebApplicationContext2023-12-16 INFO Root WebApplicationContext: initialization completed in 1439 ms2023-12-16 INFO LiveReload server is running on port 357292023-12-16 INFO Tomcat started on port(s): 8080 (http) with context path ''2023-12-16 INFO Started B29Sb201Ex26LoggingApplication in 2.581 seconds (process running for 3.469)2023-12-16 INFO Initializing Spring DispatcherServlet 'dispatcherServlet'2023-12-16 INFO Initializing Servlet 'dispatcherServlet'2023-12-16 INFO Completed initialization in 1 ms2023-12-16 ERROR This is log message for error level2023-12-16 WARN This is log message for warn level2023-12-16 INFO This is log message for info level2023-12-16 DEBUG This is log message for debug level2023-12-16 TRACE This is log message for trace level2023-12-16 INFO Restarting due to 1 class path change (0 additions, 0 deletions, 1 modification)2023-12-16 INFO Stopping service [Tomcat]2023-12-16 INFO Destroying Spring FrameworkServlet 'dispatcherServlet'2023-12-16 INFO Starting B29Sb201Ex26LoggingApplication using Java 17.0.5 with PID 9416 (C:\Users\Masai\Documents\workspace-spring-tool-suite-4-4.17.0.RELEASE\B29_SB201_Ex_26_Logging_Example\target\classes started by Masai in C:\Users\Masai\Documents\workspace-spring-tool-suite-4-4.17.0.RELEASE\B29_SB201_Ex_26_Logging_Example)
2023-12-16 DEBUG Running with Spring Boot v3.1.3, Spring v6.0.11
2023-12-16 INFO No active profile set, falling back to 1 default profile: "default"
2023-12-16 INFO Tomcat initialized with port(s): 8080 (http)
2023-12-16 INFO Starting service [Tomcat]
2023-12-16 INFO Starting Servlet engine: [Apache Tomcat/10.1.12]
2023-12-16 INFO Initializing Spring embedded WebApplicationContext
2023-12-16 INFO Root WebApplicationContext: initialization completed in 233 ms
2023-12-16 INFO LiveReload server is running on port 35729
2023-12-16 INFO Tomcat started on port(s): 8080 (http) with context path ''
2023-12-16 INFO Started B29Sb201Ex26LoggingApplication in 0.401 seconds (process running for 22.49)
2023-12-16 INFO Condition evaluation unchanged
2023-12-16 INFO Initializing Spring DispatcherServlet 'dispatcherServlet'
2023-12-16 INFO Initializing Servlet 'dispatcherServlet'
2023-12-16 INFO Completed initialization in 1 ms
2023-12-16 ERROR This is log message for error level
2023-12-16 WARN This is log message for warn level
2023-12-16 INFO This is log message for info level
2023-12-16 DEBUG This is log message for debug level
2023-12-16 TRACE This is log message for trace level
2023-13-16 INFO Application shutdown requested.
2023-13-16 INFO Stopping service [Tomcat]
2023-13-16 INFO Destroying Spring FrameworkServlet 'dispatcherServlet'
2023-21-16 INFO Starting B29Sb201Ex26LoggingApplication using Java 17.0.5 with PID 7244 (C:\Users\Masai\Documents\workspace-spring-tool-suite-4-4.17.0.RELEASE\B29_SB201_Ex_26_Logging_Example\target\classes started by Masai in C:\Users\Masai\Documents\workspace-spring-tool-suite-4-4.17.0.RELEASE\B29_SB201_Ex_26_Logging_Example)
2023-21-16 DEBUG Running with Spring Boot v3.1.3, Spring v6.0.11
2023-21-16 INFO No active profile set, falling back to 1 default profile: "default"
2023-21-16 INFO Devtools property defaults active! Set 'spring.devtools.add-properties' to 'false' to disable
2023-21-16 INFO For additional web related logging consider setting the 'logging.level.web' property to 'DEBUG'
2023-21-16 INFO Tomcat initialized with port(s): 8080 (http)
2023-21-16 INFO Starting service [Tomcat]
2023-21-16 INFO Starting Servlet engine: [Apache Tomcat/10.1.12]
2023-21-16 INFO Initializing Spring embedded WebApplicationContext
2023-21-16 INFO Root WebApplicationContext: initialization completed in 1385 ms
2023-21-16 INFO LiveReload server is running on port 35729
2023-21-16 INFO Tomcat started on port(s): 8080 (http) with context path ''
2023-21-16 INFO Started B29Sb201Ex26LoggingApplication in 2.54 seconds (process running for 3.434)
2023-21-16 INFO Initializing Spring DispatcherServlet 'dispatcherServlet'
2023-21-16 INFO Initializing Servlet 'dispatcherServlet'
2023-21-16 INFO Completed initialization in 2 ms
2023-21-16 ERROR This is log message for error level
2023-21-16 WARN This is log message for warn level
2023-21-16 INFO This is log message for info level
2023-21-16 DEBUG This is log message for debug level
2023-21-16 TRACE This is log message for trace level
2023-22-16 INFO Application shutdown requested.
2023-22-16 INFO Stopping service [Tomcat]
2023-22-16 INFO Destroying Spring FrameworkServlet 'dispatcherServlet'
2023-55-16 INFO Starting B29SB201Ex27RestTemplateExample using Java 17.0.5 with PID 14028 (C:\Users\Masai\Documents\workspace-spring-tool-suite-4-4.17.0.RELEASE\B29_SB201_Ex_27_RestTemplate_Example\target\classes started by Masai in C:\Users\Masai\Documents\workspace-spring-tool-suite-4-4.17.0.RELEASE\B29_SB201_Ex_27_RestTemplate_Example)
2023-55-16 DEBUG Running with Spring Boot v3.1.3, Spring v6.0.11
2023-55-16 INFO No active profile set, falling back to 1 default profile: "default"
2023-55-16 INFO Devtools property defaults active! Set 'spring.devtools.add-properties' to 'false' to disable
2023-55-16 INFO For additional web related logging consider setting the 'logging.level.web' property to 'DEBUG'
2023-55-16 WARN Exception encountered during context initialization - cancelling refresh attempt: org.springframework.context.ApplicationContextException: Unable to start web server
2023-55-16 INFO 

Error starting ApplicationContext. To display the condition evaluation report re-run your application with 'debug' enabled.
2023-55-16 ERROR 

***************************
APPLICATION FAILED TO START
***************************

Description:

Failed to bind properties under 'server.port' to java.lang.Integer:

    Property: server.port
    Value: "9090	#any value from 0 - 65535"
    Origin: class path resource [application.properties] - 1:13
    Reason: failed to convert java.lang.String to java.lang.Integer (caused by java.lang.NumberFormatException: For input string: "9090#anyvaluefrom0-65535")

Action:

Update your application's configuration

2023-55-16 INFO Starting B29SB201Ex27RestTemplateExample using Java 17.0.5 with PID 10996 (C:\Users\Masai\Documents\workspace-spring-tool-suite-4-4.17.0.RELEASE\B29_SB201_Ex_27_RestTemplate_Example\target\classes started by Masai in C:\Users\Masai\Documents\workspace-spring-tool-suite-4-4.17.0.RELEASE\B29_SB201_Ex_27_RestTemplate_Example)
2023-55-16 DEBUG Running with Spring Boot v3.1.3, Spring v6.0.11
2023-55-16 INFO No active profile set, falling back to 1 default profile: "default"
2023-55-16 INFO Devtools property defaults active! Set 'spring.devtools.add-properties' to 'false' to disable
2023-55-16 INFO For additional web related logging consider setting the 'logging.level.web' property to 'DEBUG'
2023-55-16 INFO Tomcat initialized with port(s): 9090 (http)
2023-55-16 INFO Starting service [Tomcat]
2023-55-16 INFO Starting Servlet engine: [Apache Tomcat/10.1.12]
2023-55-16 INFO Initializing Spring embedded WebApplicationContext
2023-55-16 INFO Root WebApplicationContext: initialization completed in 1338 ms
2023-55-16 WARN Unable to start LiveReload server
2023-55-16 INFO Tomcat started on port(s): 9090 (http) with context path ''
2023-55-16 INFO Started B29SB201Ex27RestTemplateExample in 2.465 seconds (process running for 3.372)
2023-56-16 INFO Application shutdown requested.
2023-56-16 INFO Stopping service [Tomcat]
2023-57-16 INFO Starting B29SB201Ex27RestTemplateExample using Java 17.0.5 with PID 580 (C:\Users\Masai\Documents\workspace-spring-tool-suite-4-4.17.0.RELEASE\B29_SB201_Ex_27_RestTemplate_Example\target\classes started by Masai in C:\Users\Masai\Documents\workspace-spring-tool-suite-4-4.17.0.RELEASE\B29_SB201_Ex_27_RestTemplate_Example)
2023-57-16 DEBUG Running with Spring Boot v3.1.3, Spring v6.0.11
2023-57-16 INFO No active profile set, falling back to 1 default profile: "default"
2023-57-16 INFO Devtools property defaults active! Set 'spring.devtools.add-properties' to 'false' to disable
2023-57-16 INFO For additional web related logging consider setting the 'logging.level.web' property to 'DEBUG'
2023-57-16 INFO Tomcat initialized with port(s): 9090 (http)
2023-57-16 INFO Starting service [Tomcat]
2023-57-16 INFO Starting Servlet engine: [Apache Tomcat/10.1.12]
2023-57-16 INFO Initializing Spring embedded WebApplicationContext
2023-57-16 INFO Root WebApplicationContext: initialization completed in 1516 ms
2023-57-16 WARN Unable to start LiveReload server
2023-57-16 INFO Tomcat started on port(s): 9090 (http) with context path ''
2023-57-16 INFO Started B29SB201Ex27RestTemplateExample in 2.812 seconds (process running for 3.849)
2023-57-16 INFO Initializing Spring DispatcherServlet 'dispatcherServlet'
2023-57-16 INFO Initializing Servlet 'dispatcherServlet'
2023-57-16 INFO Completed initialization in 1 ms
2023-58-16 ERROR Servlet.service() for servlet [dispatcherServlet] in context with path [] threw exception [Request processing failed: org.springframework.web.client.HttpClientErrorException$BadRequest: 400 : "{"timestamp":"2023-09-16T12:58:02.5795991","message":"No Student found with roll no 10","uri":"uri=/student/students/10"}"] with root cause
org.springframework.web.client.HttpClientErrorException$BadRequest: 400 : "{"timestamp":"2023-09-16T12:58:02.5795991","message":"No Student found with roll no 10","uri":"uri=/student/students/10"}"
	at org.springframework.web.client.HttpClientErrorException.create(HttpClientErrorException.java:103)
	at org.springframework.web.client.DefaultResponseErrorHandler.handleError(DefaultResponseErrorHandler.java:183)
	at org.springframework.web.client.DefaultResponseErrorHandler.handleError(DefaultResponseErrorHandler.java:137)
	at org.springframework.web.client.ResponseErrorHandler.handleError(ResponseErrorHandler.java:63)
	at org.springframework.web.client.RestTemplate.handleResponse(RestTemplate.java:915)
	at org.springframework.web.client.RestTemplate.doExecute(RestTemplate.java:864)
	at org.springframework.web.client.RestTemplate.execute(RestTemplate.java:764)
	at org.springframework.web.client.RestTemplate.getForEntity(RestTemplate.java:405)
	at com.masaischool.controller.RestTemplateController.getStudentByRollNo(RestTemplateController.java:20)
	at java.base/jdk.internal.reflect.NativeMethodAccessorImpl.invoke0(Native Method)
	at java.base/jdk.internal.reflect.NativeMethodAccessorImpl.invoke(NativeMethodAccessorImpl.java:77)
	at java.base/jdk.internal.reflect.DelegatingMethodAccessorImpl.invoke(DelegatingMethodAccessorImpl.java:43)
	at java.base/java.lang.reflect.Method.invoke(Method.java:568)
	at org.springframework.web.method.support.InvocableHandlerMethod.doInvoke(InvocableHandlerMethod.java:205)
	at org.springframework.web.method.support.InvocableHandlerMethod.invokeForRequest(InvocableHandlerMethod.java:150)
	at org.springframework.web.servlet.mvc.method.annotation.ServletInvocableHandlerMethod.invokeAndHandle(ServletInvocableHandlerMethod.java:118)
	at org.springframework.web.servlet.mvc.method.annotation.RequestMappingHandlerAdapter.invokeHandlerMethod(RequestMappingHandlerAdapter.java:884)
	at org.springframework.web.servlet.mvc.method.annotation.RequestMappingHandlerAdapter.handleInternal(RequestMappingHandlerAdapter.java:797)
	at org.springframework.web.servlet.mvc.method.AbstractHandlerMethodAdapter.handle(AbstractHandlerMethodAdapter.java:87)
	at org.springframework.web.servlet.DispatcherServlet.doDispatch(DispatcherServlet.java:1081)
	at org.springframework.web.servlet.DispatcherServlet.doService(DispatcherServlet.java:974)
	at org.springframework.web.servlet.FrameworkServlet.processRequest(FrameworkServlet.java:1011)
	at org.springframework.web.servlet.FrameworkServlet.doGet(FrameworkServlet.java:903)
	at jakarta.servlet.http.HttpServlet.service(HttpServlet.java:564)
	at org.springframework.web.servlet.FrameworkServlet.service(FrameworkServlet.java:885)
	at jakarta.servlet.http.HttpServlet.service(HttpServlet.java:658)
	at org.apache.catalina.core.ApplicationFilterChain.internalDoFilter(ApplicationFilterChain.java:205)
	at org.apache.catalina.core.ApplicationFilterChain.doFilter(ApplicationFilterChain.java:149)
	at org.apache.tomcat.websocket.server.WsFilter.doFilter(WsFilter.java:51)
	at org.apache.catalina.core.ApplicationFilterChain.internalDoFilter(ApplicationFilterChain.java:174)
	at org.apache.catalina.core.ApplicationFilterChain.doFilter(ApplicationFilterChain.java:149)
	at org.springframework.web.filter.RequestContextFilter.doFilterInternal(RequestContextFilter.java:100)
	at org.springframework.web.filter.OncePerRequestFilter.doFilter(OncePerRequestFilter.java:116)
	at org.apache.catalina.core.ApplicationFilterChain.internalDoFilter(ApplicationFilterChain.java:174)
	at org.apache.catalina.core.ApplicationFilterChain.doFilter(ApplicationFilterChain.java:149)
	at org.springframework.web.filter.FormContentFilter.doFilterInternal(FormContentFilter.java:93)
	at org.springframework.web.filter.OncePerRequestFilter.doFilter(OncePerRequestFilter.java:116)
	at org.apache.catalina.core.ApplicationFilterChain.internalDoFilter(ApplicationFilterChain.java:174)
	at org.apache.catalina.core.ApplicationFilterChain.doFilter(ApplicationFilterChain.java:149)
	at org.springframework.web.filter.CharacterEncodingFilter.doFilterInternal(CharacterEncodingFilter.java:201)
	at org.springframework.web.filter.OncePerRequestFilter.doFilter(OncePerRequestFilter.java:116)
	at org.apache.catalina.core.ApplicationFilterChain.internalDoFilter(ApplicationFilterChain.java:174)
	at org.apache.catalina.core.ApplicationFilterChain.doFilter(ApplicationFilterChain.java:149)
	at org.apache.catalina.core.StandardWrapperValve.invoke(StandardWrapperValve.java:166)
	at org.apache.catalina.core.StandardContextValve.invoke(StandardContextValve.java:90)
	at org.apache.catalina.authenticator.AuthenticatorBase.invoke(AuthenticatorBase.java:482)
	at org.apache.catalina.core.StandardHostValve.invoke(StandardHostValve.java:115)
	at org.apache.catalina.valves.ErrorReportValve.invoke(ErrorReportValve.java:93)
	at org.apache.catalina.core.StandardEngineValve.invoke(StandardEngineValve.java:74)
	at org.apache.catalina.connector.CoyoteAdapter.service(CoyoteAdapter.java:341)
	at org.apache.coyote.http11.Http11Processor.service(Http11Processor.java:391)
	at org.apache.coyote.AbstractProcessorLight.process(AbstractProcessorLight.java:63)
	at org.apache.coyote.AbstractProtocol$ConnectionHandler.process(AbstractProtocol.java:894)
	at org.apache.tomcat.util.net.NioEndpoint$SocketProcessor.doRun(NioEndpoint.java:1740)
	at org.apache.tomcat.util.net.SocketProcessorBase.run(SocketProcessorBase.java:52)
	at org.apache.tomcat.util.threads.ThreadPoolExecutor.runWorker(ThreadPoolExecutor.java:1191)
	at org.apache.tomcat.util.threads.ThreadPoolExecutor$Worker.run(ThreadPoolExecutor.java:659)
	at org.apache.tomcat.util.threads.TaskThread$WrappingRunnable.run(TaskThread.java:61)
	at java.base/java.lang.Thread.run(Thread.java:833)
2023-58-16 INFO Application shutdown requested.
2023-58-16 INFO Stopping service [Tomcat]
2023-58-16 INFO Destroying Spring FrameworkServlet 'dispatcherServlet'
2023-01-16 INFO Starting B29SB201Ex27RestTemplateExample using Java 17.0.5 with PID 2464 (C:\Users\Masai\Documents\workspace-spring-tool-suite-4-4.17.0.RELEASE\B29_SB201_Ex_27_RestTemplate_Example\target\classes started by Masai in C:\Users\Masai\Documents\workspace-spring-tool-suite-4-4.17.0.RELEASE\B29_SB201_Ex_27_RestTemplate_Example)
2023-01-16 DEBUG Running with Spring Boot v3.1.3, Spring v6.0.11
2023-01-16 INFO No active profile set, falling back to 1 default profile: "default"
2023-01-16 INFO Devtools property defaults active! Set 'spring.devtools.add-properties' to 'false' to disable
2023-01-16 INFO For additional web related logging consider setting the 'logging.level.web' property to 'DEBUG'
2023-01-16 INFO Tomcat initialized with port(s): 9090 (http)
2023-01-16 INFO Starting service [Tomcat]
2023-01-16 INFO Starting Servlet engine: [Apache Tomcat/10.1.12]
2023-01-16 INFO Initializing Spring embedded WebApplicationContext
2023-01-16 INFO Root WebApplicationContext: initialization completed in 1387 ms
2023-01-16 WARN Unable to start LiveReload server
2023-01-16 INFO Tomcat started on port(s): 9090 (http) with context path ''
2023-01-16 INFO Started B29SB201Ex27RestTemplateExample in 2.548 seconds (process running for 3.548)
2023-02-16 INFO Initializing Spring DispatcherServlet 'dispatcherServlet'
2023-02-16 INFO Initializing Servlet 'dispatcherServlet'
2023-02-16 INFO Completed initialization in 1 ms
2023-02-16 INFO Application shutdown requested.
2023-02-16 INFO Stopping service [Tomcat]
2023-02-16 INFO Destroying Spring FrameworkServlet 'dispatcherServlet'
2023-18-16 INFO Starting B29SB201Ex28SpringSecurity using Java 17.0.5 with PID 5244 (C:\Users\Masai\Documents\workspace-spring-tool-suite-4-4.17.0.RELEASE\B29_SB201_Ex_28_spring_security\target\classes started by Masai in C:\Users\Masai\Documents\workspace-spring-tool-suite-4-4.17.0.RELEASE\B29_SB201_Ex_28_spring_security)
2023-18-16 DEBUG Running with Spring Boot v3.1.3, Spring v6.0.11
2023-18-16 INFO No active profile set, falling back to 1 default profile: "default"
2023-18-16 INFO Devtools property defaults active! Set 'spring.devtools.add-properties' to 'false' to disable
2023-18-16 INFO For additional web related logging consider setting the 'logging.level.web' property to 'DEBUG'
2023-18-16 INFO Tomcat initialized with port(s): 9090 (http)
2023-18-16 INFO Starting service [Tomcat]
2023-18-16 INFO Starting Servlet engine: [Apache Tomcat/10.1.12]
2023-18-16 INFO Initializing Spring embedded WebApplicationContext
2023-18-16 INFO Root WebApplicationContext: initialization completed in 2946 ms
2023-18-16 INFO LiveReload server is running on port 35729
2023-18-16 INFO Tomcat started on port(s): 9090 (http) with context path ''
2023-18-16 INFO Started B29SB201Ex28SpringSecurity in 5.065 seconds (process running for 5.891)
2023-19-16 INFO Restarting due to 1 class path change (0 additions, 0 deletions, 1 modification)
2023-19-16 INFO Stopping service [Tomcat]
2023-19-16 INFO Starting B29SB201Ex28SpringSecurity using Java 17.0.5 with PID 5244 (C:\Users\Masai\Documents\workspace-spring-tool-suite-4-4.17.0.RELEASE\B29_SB201_Ex_28_spring_security\target\classes started by Masai in C:\Users\Masai\Documents\workspace-spring-tool-suite-4-4.17.0.RELEASE\B29_SB201_Ex_28_spring_security)
2023-19-16 DEBUG Running with Spring Boot v3.1.3, Spring v6.0.11
2023-19-16 INFO No active profile set, falling back to 1 default profile: "default"
2023-19-16 INFO Tomcat initialized with port(s): 8080 (http)
2023-19-16 INFO Starting service [Tomcat]
2023-19-16 INFO Starting Servlet engine: [Apache Tomcat/10.1.12]
2023-19-16 INFO Initializing Spring embedded WebApplicationContext
2023-19-16 INFO Root WebApplicationContext: initialization completed in 266 ms
2023-19-16 INFO LiveReload server is running on port 35729
2023-19-16 INFO Tomcat started on port(s): 8080 (http) with context path ''
2023-19-16 INFO Started B29SB201Ex28SpringSecurity in 0.422 seconds (process running for 37.045)
2023-19-16 INFO Condition evaluation unchanged
2023-19-16 INFO Initializing Spring DispatcherServlet 'dispatcherServlet'
2023-19-16 INFO Initializing Servlet 'dispatcherServlet'
2023-19-16 INFO Completed initialization in 1 ms
2023-21-16 INFO Restarting due to 3 class path changes (0 additions, 0 deletions, 3 modifications)
2023-21-16 INFO Stopping service [Tomcat]
2023-21-16 INFO Destroying Spring FrameworkServlet 'dispatcherServlet'
2023-21-16 INFO Starting B29SB201Ex28SpringSecurity using Java 17.0.5 with PID 5244 (C:\Users\Masai\Documents\workspace-spring-tool-suite-4-4.17.0.RELEASE\B29_SB201_Ex_28_spring_security\target\classes started by Masai in C:\Users\Masai\Documents\workspace-spring-tool-suite-4-4.17.0.RELEASE\B29_SB201_Ex_28_spring_security)
2023-21-16 DEBUG Running with Spring Boot v3.1.3, Spring v6.0.11
2023-21-16 INFO No active profile set, falling back to 1 default profile: "default"
2023-21-16 INFO Tomcat initialized with port(s): 8080 (http)
2023-21-16 INFO Starting service [Tomcat]
2023-21-16 INFO Starting Servlet engine: [Apache Tomcat/10.1.12]
2023-21-16 INFO Initializing Spring embedded WebApplicationContext
2023-21-16 INFO Root WebApplicationContext: initialization completed in 484 ms
2023-21-16 INFO LiveReload server is running on port 35729
2023-21-16 INFO Tomcat started on port(s): 8080 (http) with context path ''
2023-21-16 INFO Started B29SB201Ex28SpringSecurity in 0.688 seconds (process running for 156.694)
2023-21-16 INFO Condition evaluation unchanged
2023-21-16 INFO Restarting due to 3 class path changes (0 additions, 0 deletions, 3 modifications)
2023-21-16 INFO Stopping service [Tomcat]
2023-21-16 INFO Starting B29SB201Ex28SpringSecurity using Java 17.0.5 with PID 5244 (C:\Users\Masai\Documents\workspace-spring-tool-suite-4-4.17.0.RELEASE\B29_SB201_Ex_28_spring_security\target\classes started by Masai in C:\Users\Masai\Documents\workspace-spring-tool-suite-4-4.17.0.RELEASE\B29_SB201_Ex_28_spring_security)
2023-21-16 DEBUG Running with Spring Boot v3.1.3, Spring v6.0.11
2023-21-16 INFO No active profile set, falling back to 1 default profile: "default"
2023-21-16 INFO Tomcat initialized with port(s): 8080 (http)
2023-21-16 INFO Starting service [Tomcat]
2023-21-16 INFO Starting Servlet engine: [Apache Tomcat/10.1.12]
2023-21-16 INFO Initializing Spring embedded WebApplicationContext
2023-21-16 INFO Root WebApplicationContext: initialization completed in 436 ms
2023-21-16 INFO LiveReload server is running on port 35729
2023-21-16 INFO Tomcat started on port(s): 8080 (http) with context path ''
2023-21-16 INFO Started B29SB201Ex28SpringSecurity in 0.653 seconds (process running for 163.856)
2023-21-16 INFO Condition evaluation unchanged
2023-21-16 INFO Restarting due to 3 class path changes (0 additions, 0 deletions, 3 modifications)
2023-21-16 INFO Stopping service [Tomcat]
2023-21-16 INFO Starting B29SB201Ex28SpringSecurity using Java 17.0.5 with PID 5244 (C:\Users\Masai\Documents\workspace-spring-tool-suite-4-4.17.0.RELEASE\B29_SB201_Ex_28_spring_security\target\classes started by Masai in C:\Users\Masai\Documents\workspace-spring-tool-suite-4-4.17.0.RELEASE\B29_SB201_Ex_28_spring_security)
2023-21-16 DEBUG Running with Spring Boot v3.1.3, Spring v6.0.11
2023-21-16 INFO No active profile set, falling back to 1 default profile: "default"
2023-21-16 INFO Tomcat initialized with port(s): 8080 (http)
2023-21-16 INFO Starting service [Tomcat]
2023-21-16 INFO Starting Servlet engine: [Apache Tomcat/10.1.12]
2023-21-16 INFO Initializing Spring embedded WebApplicationContext
2023-21-16 INFO Root WebApplicationContext: initialization completed in 413 ms
2023-21-16 INFO LiveReload server is running on port 35729
2023-21-16 INFO Tomcat started on port(s): 8080 (http) with context path ''
2023-21-16 INFO Started B29SB201Ex28SpringSecurity in 0.652 seconds (process running for 170.071)
2023-21-16 INFO Condition evaluation unchanged
2023-21-16 INFO Initializing Spring DispatcherServlet 'dispatcherServlet'
2023-21-16 INFO Initializing Servlet 'dispatcherServlet'
2023-21-16 INFO Completed initialization in 0 ms
2023-22-16 INFO Starting B29SB201Ex28SpringSecurity using Java 17.0.5 with PID 8784 (C:\Users\Masai\Documents\workspace-spring-tool-suite-4-4.17.0.RELEASE\B29_SB201_Ex_28_spring_security\target\classes started by Masai in C:\Users\Masai\Documents\workspace-spring-tool-suite-4-4.17.0.RELEASE\B29_SB201_Ex_28_spring_security)
2023-22-16 DEBUG Running with Spring Boot v3.1.3, Spring v6.0.11
2023-22-16 INFO No active profile set, falling back to 1 default profile: "default"
2023-22-16 INFO Devtools property defaults active! Set 'spring.devtools.add-properties' to 'false' to disable
2023-22-16 INFO For additional web related logging consider setting the 'logging.level.web' property to 'DEBUG'
2023-22-16 INFO Tomcat initialized with port(s): 8080 (http)
2023-22-16 INFO Starting service [Tomcat]
2023-22-16 INFO Starting Servlet engine: [Apache Tomcat/10.1.12]
2023-22-16 INFO Initializing Spring embedded WebApplicationContext
2023-22-16 INFO Root WebApplicationContext: initialization completed in 1754 ms
2023-22-16 WARN 

Using generated security password: c9ed7ad9-4f62-4cce-b551-bfcefb13322a

This generated password is for development use only. Your security configuration must be updated before running your application in production.

2023-22-16 INFO Will secure any request with [org.springframework.security.web.session.DisableEncodeUrlFilter@2c5950d8, org.springframework.security.web.context.request.async.WebAsyncManagerIntegrationFilter@6648108f, org.springframework.security.web.context.SecurityContextHolderFilter@6f78b959, org.springframework.security.web.header.HeaderWriterFilter@7783b607, org.springframework.security.web.csrf.CsrfFilter@69f9119, org.springframework.security.web.authentication.logout.LogoutFilter@68b22fa2, org.springframework.security.web.authentication.UsernamePasswordAuthenticationFilter@74cae97d, org.springframework.security.web.authentication.ui.DefaultLoginPageGeneratingFilter@4d3a8ba9, org.springframework.security.web.authentication.ui.DefaultLogoutPageGeneratingFilter@f6baf91, org.springframework.security.web.authentication.www.BasicAuthenticationFilter@6a98e42, org.springframework.security.web.savedrequest.RequestCacheAwareFilter@6ed74b6a, org.springframework.security.web.servletapi.SecurityContextHolderAwareRequestFilter@304934b6, org.springframework.security.web.authentication.AnonymousAuthenticationFilter@393b4be3, org.springframework.security.web.access.ExceptionTranslationFilter@75b3750f, org.springframework.security.web.access.intercept.AuthorizationFilter@7575e2df]
2023-22-16 INFO LiveReload server is running on port 35729
2023-22-16 INFO Tomcat started on port(s): 8080 (http) with context path ''
2023-22-16 INFO Started B29SB201Ex28SpringSecurity in 3.331 seconds (process running for 4.463)
2023-22-16 INFO Initializing Spring DispatcherServlet 'dispatcherServlet'
2023-22-16 INFO Initializing Servlet 'dispatcherServlet'
2023-22-16 INFO Completed initialization in 0 ms
2023-23-16 INFO Restarting due to 1 class path change (0 additions, 0 deletions, 1 modification)
2023-23-16 INFO Stopping service [Tomcat]
2023-23-16 INFO Destroying Spring FrameworkServlet 'dispatcherServlet'
2023-23-16 INFO Starting B29SB201Ex28SpringSecurity using Java 17.0.5 with PID 8784 (C:\Users\Masai\Documents\workspace-spring-tool-suite-4-4.17.0.RELEASE\B29_SB201_Ex_28_spring_security\target\classes started by Masai in C:\Users\Masai\Documents\workspace-spring-tool-suite-4-4.17.0.RELEASE\B29_SB201_Ex_28_spring_security)
2023-23-16 DEBUG Running with Spring Boot v3.1.3, Spring v6.0.11
2023-23-16 INFO No active profile set, falling back to 1 default profile: "default"
2023-23-16 INFO Tomcat initialized with port(s): 8080 (http)
2023-23-16 INFO Starting service [Tomcat]
2023-23-16 INFO Starting Servlet engine: [Apache Tomcat/10.1.12]
2023-23-16 INFO Initializing Spring embedded WebApplicationContext
2023-23-16 INFO Root WebApplicationContext: initialization completed in 331 ms
2023-23-16 WARN 

Using generated security password: 3e4b9f2c-b041-4faa-a63f-232b5637fa97

This generated password is for development use only. Your security configuration must be updated before running your application in production.

2023-23-16 INFO Will secure any request with [org.springframework.security.web.session.DisableEncodeUrlFilter@46880f14, org.springframework.security.web.context.request.async.WebAsyncManagerIntegrationFilter@61f40512, org.springframework.security.web.context.SecurityContextHolderFilter@45ea4129, org.springframework.security.web.header.HeaderWriterFilter@5c41fbd6, org.springframework.security.web.csrf.CsrfFilter@130e1bff, org.springframework.security.web.authentication.logout.LogoutFilter@2f44664e, org.springframework.security.web.authentication.UsernamePasswordAuthenticationFilter@7a5702fd, org.springframework.security.web.authentication.ui.DefaultLoginPageGeneratingFilter@5dd1b123, org.springframework.security.web.authentication.ui.DefaultLogoutPageGeneratingFilter@2376b33b, org.springframework.security.web.authentication.www.BasicAuthenticationFilter@76ad6def, org.springframework.security.web.savedrequest.RequestCacheAwareFilter@26d87b88, org.springframework.security.web.servletapi.SecurityContextHolderAwareRequestFilter@e1d747d, org.springframework.security.web.authentication.AnonymousAuthenticationFilter@3e2960af, org.springframework.security.web.access.ExceptionTranslationFilter@715b36d8, org.springframework.security.web.access.intercept.AuthorizationFilter@1a97b99e]
2023-23-16 INFO LiveReload server is running on port 35729
2023-23-16 INFO Tomcat started on port(s): 8080 (http) with context path ''
2023-23-16 INFO Started B29SB201Ex28SpringSecurity in 0.563 seconds (process running for 57.128)
2023-23-16 INFO Condition evaluation unchanged
2023-23-16 INFO Restarting due to 1 class path change (0 additions, 0 deletions, 1 modification)
2023-23-16 INFO Stopping service [Tomcat]
2023-23-16 INFO Starting B29SB201Ex28SpringSecurity using Java 17.0.5 with PID 8784 (C:\Users\Masai\Documents\workspace-spring-tool-suite-4-4.17.0.RELEASE\B29_SB201_Ex_28_spring_security\target\classes started by Masai in C:\Users\Masai\Documents\workspace-spring-tool-suite-4-4.17.0.RELEASE\B29_SB201_Ex_28_spring_security)
2023-23-16 DEBUG Running with Spring Boot v3.1.3, Spring v6.0.11
2023-23-16 INFO No active profile set, falling back to 1 default profile: "default"
2023-23-16 INFO Tomcat initialized with port(s): 8080 (http)
2023-23-16 INFO Starting service [Tomcat]
2023-23-16 INFO Starting Servlet engine: [Apache Tomcat/10.1.12]
2023-23-16 INFO Initializing Spring embedded WebApplicationContext
2023-23-16 INFO Root WebApplicationContext: initialization completed in 425 ms
2023-23-16 WARN 

Using generated security password: 56933f87-c2f1-43d4-8a2f-e0d4d4d89da4

This generated password is for development use only. Your security configuration must be updated before running your application in production.

2023-23-16 INFO Will secure any request with [org.springframework.security.web.session.DisableEncodeUrlFilter@6034613d, org.springframework.security.web.context.request.async.WebAsyncManagerIntegrationFilter@62d06890, org.springframework.security.web.context.SecurityContextHolderFilter@708535fa, org.springframework.security.web.header.HeaderWriterFilter@5711de66, org.springframework.security.web.csrf.CsrfFilter@6cbeade0, org.springframework.security.web.authentication.logout.LogoutFilter@6647b182, org.springframework.security.web.authentication.UsernamePasswordAuthenticationFilter@271f5e99, org.springframework.security.web.authentication.ui.DefaultLoginPageGeneratingFilter@3cc77a6b, org.springframework.security.web.authentication.ui.DefaultLogoutPageGeneratingFilter@3fe619c5, org.springframework.security.web.authentication.www.BasicAuthenticationFilter@7c8f3059, org.springframework.security.web.savedrequest.RequestCacheAwareFilter@69cd57a7, org.springframework.security.web.servletapi.SecurityContextHolderAwareRequestFilter@657c6a4c, org.springframework.security.web.authentication.AnonymousAuthenticationFilter@3aeefb98, org.springframework.security.web.access.ExceptionTranslationFilter@1393f5df, org.springframework.security.web.access.intercept.AuthorizationFilter@67fca348]
2023-23-16 INFO LiveReload server is running on port 35729
2023-23-16 INFO Tomcat started on port(s): 8080 (http) with context path ''
2023-23-16 INFO Started B29SB201Ex28SpringSecurity in 0.62 seconds (process running for 62.312)
2023-23-16 INFO Condition evaluation unchanged
2023-23-16 INFO Restarting due to 1 class path change (0 additions, 0 deletions, 1 modification)
2023-23-16 INFO Stopping service [Tomcat]
2023-23-16 INFO Starting B29SB201Ex28SpringSecurity using Java 17.0.5 with PID 8784 (C:\Users\Masai\Documents\workspace-spring-tool-suite-4-4.17.0.RELEASE\B29_SB201_Ex_28_spring_security\target\classes started by Masai in C:\Users\Masai\Documents\workspace-spring-tool-suite-4-4.17.0.RELEASE\B29_SB201_Ex_28_spring_security)
2023-23-16 DEBUG Running with Spring Boot v3.1.3, Spring v6.0.11
2023-23-16 INFO No active profile set, falling back to 1 default profile: "default"
2023-23-16 INFO Tomcat initialized with port(s): 8080 (http)
2023-23-16 INFO Starting service [Tomcat]
2023-23-16 INFO Starting Servlet engine: [Apache Tomcat/10.1.12]
2023-23-16 INFO Initializing Spring embedded WebApplicationContext
2023-23-16 INFO Root WebApplicationContext: initialization completed in 339 ms
2023-23-16 WARN 

Using generated security password: 277afd13-a96e-4df6-92a8-793eddadd5c8

This generated password is for development use only. Your security configuration must be updated before running your application in production.

2023-23-16 INFO Will secure any request with [org.springframework.security.web.session.DisableEncodeUrlFilter@20fd1171, org.springframework.security.web.context.request.async.WebAsyncManagerIntegrationFilter@6c53820c, org.springframework.security.web.context.SecurityContextHolderFilter@7e156e99, org.springframework.security.web.header.HeaderWriterFilter@233da585, org.springframework.security.web.csrf.CsrfFilter@74028a28, org.springframework.security.web.authentication.logout.LogoutFilter@281d1076, org.springframework.security.web.authentication.UsernamePasswordAuthenticationFilter@21f8fcf8, org.springframework.security.web.authentication.ui.DefaultLoginPageGeneratingFilter@54639e76, org.springframework.security.web.authentication.ui.DefaultLogoutPageGeneratingFilter@aaaac42, org.springframework.security.web.authentication.www.BasicAuthenticationFilter@61a6c611, org.springframework.security.web.savedrequest.RequestCacheAwareFilter@1ea6f8b9, org.springframework.security.web.servletapi.SecurityContextHolderAwareRequestFilter@1abc1129, org.springframework.security.web.authentication.AnonymousAuthenticationFilter@5deb6548, org.springframework.security.web.access.ExceptionTranslationFilter@5b3be4a0, org.springframework.security.web.access.intercept.AuthorizationFilter@1a8acd17]
2023-23-16 INFO LiveReload server is running on port 35729
2023-23-16 INFO Tomcat started on port(s): 8080 (http) with context path ''
2023-23-16 INFO Started B29SB201Ex28SpringSecurity in 0.554 seconds (process running for 64.325)
2023-23-16 INFO Condition evaluation unchanged
2023-23-16 INFO Restarting due to 1 class path change (0 additions, 0 deletions, 1 modification)
2023-23-16 INFO Stopping service [Tomcat]
2023-23-16 INFO Starting B29SB201Ex28SpringSecurity using Java 17.0.5 with PID 8784 (C:\Users\Masai\Documents\workspace-spring-tool-suite-4-4.17.0.RELEASE\B29_SB201_Ex_28_spring_security\target\classes started by Masai in C:\Users\Masai\Documents\workspace-spring-tool-suite-4-4.17.0.RELEASE\B29_SB201_Ex_28_spring_security)
2023-23-16 DEBUG Running with Spring Boot v3.1.3, Spring v6.0.11
2023-23-16 INFO No active profile set, falling back to 1 default profile: "default"
2023-23-16 INFO Tomcat initialized with port(s): 8080 (http)
2023-23-16 INFO Starting service [Tomcat]
2023-23-16 INFO Starting Servlet engine: [Apache Tomcat/10.1.12]
2023-23-16 INFO Initializing Spring embedded WebApplicationContext
2023-23-16 INFO Root WebApplicationContext: initialization completed in 206 ms
2023-23-16 WARN 

Using generated security password: 1f78f512-d863-465c-a72c-1a0a25da08bd

This generated password is for development use only. Your security configuration must be updated before running your application in production.

2023-23-16 INFO Will secure any request with [org.springframework.security.web.session.DisableEncodeUrlFilter@44c9ec9d, org.springframework.security.web.context.request.async.WebAsyncManagerIntegrationFilter@31740f0a, org.springframework.security.web.context.SecurityContextHolderFilter@7df83177, org.springframework.security.web.header.HeaderWriterFilter@7e81cc68, org.springframework.security.web.csrf.CsrfFilter@62d1e3ac, org.springframework.security.web.authentication.logout.LogoutFilter@18183f75, org.springframework.security.web.authentication.UsernamePasswordAuthenticationFilter@15aff486, org.springframework.security.web.authentication.ui.DefaultLoginPageGeneratingFilter@7fda4dbc, org.springframework.security.web.authentication.ui.DefaultLogoutPageGeneratingFilter@5b15d666, org.springframework.security.web.authentication.www.BasicAuthenticationFilter@4c1582d1, org.springframework.security.web.savedrequest.RequestCacheAwareFilter@105971e7, org.springframework.security.web.servletapi.SecurityContextHolderAwareRequestFilter@fc822a1, org.springframework.security.web.authentication.AnonymousAuthenticationFilter@3bf6c4df, org.springframework.security.web.access.ExceptionTranslationFilter@df24f92, org.springframework.security.web.access.intercept.AuthorizationFilter@7b11db3d]
2023-23-16 INFO LiveReload server is running on port 35729
2023-23-16 INFO Tomcat started on port(s): 8080 (http) with context path ''
2023-23-16 INFO Started B29SB201Ex28SpringSecurity in 0.353 seconds (process running for 70.189)
2023-23-16 INFO Condition evaluation unchanged
2023-23-16 INFO Restarting due to 1 class path change (0 additions, 0 deletions, 1 modification)
2023-23-16 INFO Stopping service [Tomcat]
2023-23-16 INFO Starting B29SB201Ex28SpringSecurity using Java 17.0.5 with PID 8784 (C:\Users\Masai\Documents\workspace-spring-tool-suite-4-4.17.0.RELEASE\B29_SB201_Ex_28_spring_security\target\classes started by Masai in C:\Users\Masai\Documents\workspace-spring-tool-suite-4-4.17.0.RELEASE\B29_SB201_Ex_28_spring_security)
2023-23-16 DEBUG Running with Spring Boot v3.1.3, Spring v6.0.11
2023-23-16 INFO No active profile set, falling back to 1 default profile: "default"
2023-23-16 INFO Tomcat initialized with port(s): 8080 (http)
2023-23-16 INFO Starting service [Tomcat]
2023-23-16 INFO Starting Servlet engine: [Apache Tomcat/10.1.12]
2023-23-16 INFO Initializing Spring embedded WebApplicationContext
2023-23-16 INFO Root WebApplicationContext: initialization completed in 241 ms
2023-23-16 WARN 

Using generated security password: 73083a48-a256-4d59-af48-9f70a716d2f4

This generated password is for development use only. Your security configuration must be updated before running your application in production.

2023-23-16 INFO Will secure any request with [org.springframework.security.web.session.DisableEncodeUrlFilter@5bf3cac3, org.springframework.security.web.context.request.async.WebAsyncManagerIntegrationFilter@db6c5b6, org.springframework.security.web.context.SecurityContextHolderFilter@4c8d666c, org.springframework.security.web.header.HeaderWriterFilter@556e7fd8, org.springframework.security.web.csrf.CsrfFilter@25c955d5, org.springframework.security.web.authentication.logout.LogoutFilter@1e625ca5, org.springframework.security.web.authentication.UsernamePasswordAuthenticationFilter@3612604c, org.springframework.security.web.authentication.ui.DefaultLoginPageGeneratingFilter@355c16b4, org.springframework.security.web.authentication.ui.DefaultLogoutPageGeneratingFilter@2803d44c, org.springframework.security.web.authentication.www.BasicAuthenticationFilter@3a19955f, org.springframework.security.web.savedrequest.RequestCacheAwareFilter@2385e5d5, org.springframework.security.web.servletapi.SecurityContextHolderAwareRequestFilter@13ea2bae, org.springframework.security.web.authentication.AnonymousAuthenticationFilter@5ec61f7e, org.springframework.security.web.access.ExceptionTranslationFilter@2ff3f58e, org.springframework.security.web.access.intercept.AuthorizationFilter@9abf71c]
2023-23-16 INFO LiveReload server is running on port 35729
2023-23-16 INFO Tomcat started on port(s): 8080 (http) with context path ''
2023-23-16 INFO Started B29SB201Ex28SpringSecurity in 0.391 seconds (process running for 73.067)
2023-23-16 INFO Condition evaluation unchanged
2023-23-16 INFO Initializing Spring DispatcherServlet 'dispatcherServlet'
2023-23-16 INFO Initializing Servlet 'dispatcherServlet'
2023-23-16 INFO Completed initialization in 1 ms
2023-28-16 INFO Application shutdown requested.
2023-28-16 INFO Stopping service [Tomcat]
2023-28-16 INFO Destroying Spring FrameworkServlet 'dispatcherServlet'
